Start testing: Apr 24 10:36 EDT
----------------------------------------------------------
1/5 Testing: TestSimpleCalc
1/5 Test: TestSimpleCalc
Command: "/usr/bin/bash" "/home/user/Documents/jqr-calcprojects/local_tester.sh" "1_SimpleCalc"
Directory: /home/user/Documents/jqr-calcprojects
"TestSimpleCalc" start time: Apr 24 10:36 EDT
Output:
----------------------------------------------------------
Start clang-tidy Check
No output here is good
Ignore "database" errors for now
1 error generated.
Error while processing /home/user/Documents/jqr-calcprojects/1_SimpleCalc/src/simplecalc.c.
/home/user/Documents/jqr-calcprojects/1_SimpleCalc/src/simplecalc.c:7:10: error: 'math_utils.h' file not found [clang-diagnostic-error]
#include "math_utils.h"
         ^
Found compiler error(s).
1 error generated.
Error while processing /home/user/Documents/jqr-calcprojects/1_SimpleCalc/src/math_utils.c.
/home/user/Documents/jqr-calcprojects/1_SimpleCalc/src/math_utils.c:6:10: error: 'math_utils.h' file not found [clang-diagnostic-error]
#include "math_utils.h"
         ^
Found compiler error(s).
End clang-tidy Check
/home/user/Documents/jqr-calcprojects
Failing Output
b'[-] Error processing.'
b'[-] Bad input!'
Failed: 2147483648 <<< 1 1


Passed 30 out of 31 
Removing Build Artifacts
<end of output>
Test time =   0.19 sec
----------------------------------------------------------
Test Failed.
"TestSimpleCalc" end time: Apr 24 10:36 EDT
"TestSimpleCalc" time elapsed: 00:00:00
----------------------------------------------------------

2/5 Testing: TestFileCalc
2/5 Test: TestFileCalc
Command: "/usr/bin/bash" "/home/user/Documents/jqr-calcprojects/local_tester.sh" "2_FileCalc"
Directory: /home/user/Documents/jqr-calcprojects
"TestFileCalc" start time: Apr 24 10:36 EDT
Output:
----------------------------------------------------------
Start clang-tidy Check
No output here is good
Ignore "database" errors for now
1 error generated.
Error while processing /home/user/Documents/jqr-calcprojects/2_FileCalc/src/process_file.c.
/home/user/Documents/jqr-calcprojects/2_FileCalc/src/process_file.c:8:10: error: 'types.h' file not found [clang-diagnostic-error]
#include "types.h"
         ^
Found compiler error(s).
1 error generated.
Error while processing /home/user/Documents/jqr-calcprojects/2_FileCalc/src/file_io.c.
/home/user/Documents/jqr-calcprojects/2_FileCalc/src/file_io.c:6:10: error: 'file_io.h' file not found [clang-diagnostic-error]
#include "file_io.h"
         ^
Found compiler error(s).
1 error generated.
Error while processing /home/user/Documents/jqr-calcprojects/2_FileCalc/src/filecalc.c.
/home/user/Documents/jqr-calcprojects/2_FileCalc/src/filecalc.c:5:10: error: 'file_io.h' file not found [clang-diagnostic-error]
#include "file_io.h"
         ^
Found compiler error(s).
1 error generated.
Error while processing /home/user/Documents/jqr-calcprojects/2_FileCalc/src/math_utils.c.
/home/user/Documents/jqr-calcprojects/2_FileCalc/src/math_utils.c:6:10: error: 'math_utils.h' file not found [clang-diagnostic-error]
#include "math_utils.h"
         ^
Found compiler error(s).
1 error generated.
Error while processing /home/user/Documents/jqr-calcprojects/2_FileCalc/src/evaluate.c.
/home/user/Documents/jqr-calcprojects/2_FileCalc/src/evaluate.c:4:10: error: 'math_utils.h' file not found [clang-diagnostic-error]
#include "math_utils.h"
         ^
Found compiler error(s).
End clang-tidy Check
/home/user/Documents/jqr-calcprojects
[-] Open input directory failed.Generating 16 files with 64 equations
Test Results: Passed 0 out of 16 tests.
Removing Build Artifacts
<end of output>
Test time =   0.34 sec
----------------------------------------------------------
Test Passed.
"TestFileCalc" end time: Apr 24 10:36 EDT
"TestFileCalc" time elapsed: 00:00:00
----------------------------------------------------------

3/5 Testing: TestDataStructures1
3/5 Test: TestDataStructures1
Command: "/usr/bin/bash" "/home/user/Documents/jqr-calcprojects/local_tester.sh" "3_DataStructures1"
Directory: /home/user/Documents/jqr-calcprojects
"TestDataStructures1" start time: Apr 24 10:36 EDT
Output:
----------------------------------------------------------
Start clang-tidy Check
No output here is good
Ignore "database" errors for now
Suppressed 2 warnings (2 NOLINT).
Suppressed 2 warnings (2 NOLINT).
Suppressed 8 warnings (8 NOLINT).
Suppressed 1 warnings (1 NOLINT).
Suppressed 2 warnings (2 NOLINT).
3 warnings generated.
/home/user/Documents/jqr-calcprojects/3_DataStructures1/src/queue.c:22:5: warning: Undefined or garbage value returned to caller [clang-analyzer-core.uninitialized.UndefReturn]
    return t;
    ^
/home/user/Documents/jqr-calcprojects/3_DataStructures1/src/queue.c:21:5: note: 't' declared without an initial value
    queue_t *t;
    ^
/home/user/Documents/jqr-calcprojects/3_DataStructures1/src/queue.c:22:5: note: Undefined or garbage value returned to caller
    return t;
    ^
/home/user/Documents/jqr-calcprojects/3_DataStructures1/src/queue.c:58:5: warning: Undefined or garbage value returned to caller [clang-analyzer-core.uninitialized.UndefReturn]
    return t;
    ^
/home/user/Documents/jqr-calcprojects/3_DataStructures1/src/queue.c:57:5: note: 't' declared without an initial value
    queue_node_t *t;
    ^
/home/user/Documents/jqr-calcprojects/3_DataStructures1/src/queue.c:58:5: note: Undefined or garbage value returned to caller
    return t;
    ^
/home/user/Documents/jqr-calcprojects/3_DataStructures1/src/queue.c:67:5: warning: Undefined or garbage value returned to caller [clang-analyzer-core.uninitialized.UndefReturn]
    return t;
    ^
/home/user/Documents/jqr-calcprojects/3_DataStructures1/src/queue.c:66:5: note: 't' declared without an initial value
    queue_node_t *t;
    ^
/home/user/Documents/jqr-calcprojects/3_DataStructures1/src/queue.c:67:5: note: Undefined or garbage value returned to caller
    return t;
    ^
14 warnings generated.
/home/user/Documents/jqr-calcprojects/3_DataStructures1/src/linked_list.c:176:5: warning: Undefined or garbage value returned to caller [clang-analyzer-core.uninitialized.UndefReturn]
    return t;
    ^
/home/user/Documents/jqr-calcprojects/3_DataStructures1/src/linked_list.c:175:5: note: 't' declared without an initial value
    list_node_t *t;
    ^
/home/user/Documents/jqr-calcprojects/3_DataStructures1/src/linked_list.c:176:5: note: Undefined or garbage value returned to caller
    return t;
    ^
/home/user/Documents/jqr-calcprojects/3_DataStructures1/src/linked_list.c:255:5: warning: Undefined or garbage value returned to caller [clang-analyzer-core.uninitialized.UndefReturn]
    return t;
    ^
/home/user/Documents/jqr-calcprojects/3_DataStructures1/src/linked_list.c:254:5: note: 't' declared without an initial value
    list_node_t *t;
    ^
/home/user/Documents/jqr-calcprojects/3_DataStructures1/src/linked_list.c:255:5: note: Undefined or garbage value returned to caller
    return t;
    ^
/home/user/Documents/jqr-calcprojects/3_DataStructures1/src/linked_list.c:263:5: warning: Undefined or garbage value returned to caller [clang-analyzer-core.uninitialized.UndefReturn]
    return t;
    ^
/home/user/Documents/jqr-calcprojects/3_DataStructures1/src/linked_list.c:262:5: note: 't' declared without an initial value
    list_t *t;
    ^
/home/user/Documents/jqr-calcprojects/3_DataStructures1/src/linked_list.c:263:5: note: Undefined or garbage value returned to caller
    return t;
    ^
Suppressed 11 warnings (11 with check filters).
2 warnings generated.
/home/user/Documents/jqr-calcprojects/3_DataStructures1/src/hash_table.c:22:5: warning: Undefined or garbage value returned to caller [clang-analyzer-core.uninitialized.UndefReturn]
    return t;
    ^
/home/user/Documents/jqr-calcprojects/3_DataStructures1/src/hash_table.c:21:5: note: 't' declared without an initial value
    hash_table_t *t;
    ^
/home/user/Documents/jqr-calcprojects/3_DataStructures1/src/hash_table.c:22:5: note: Undefined or garbage value returned to caller
    return t;
    ^
Suppressed 1 warnings (1 with check filters).
3 warnings generated.
/home/user/Documents/jqr-calcprojects/3_DataStructures1/src/queue_p.c:22:5: warning: Undefined or garbage value returned to caller [clang-analyzer-core.uninitialized.UndefReturn]
    return q;
    ^
/home/user/Documents/jqr-calcprojects/3_DataStructures1/src/queue_p.c:21:5: note: 'q' declared without an initial value
    queue_p_t *q;
    ^
/home/user/Documents/jqr-calcprojects/3_DataStructures1/src/queue_p.c:22:5: note: Undefined or garbage value returned to caller
    return q;
    ^
/home/user/Documents/jqr-calcprojects/3_DataStructures1/src/queue_p.c:55:5: warning: Undefined or garbage value returned to caller [clang-analyzer-core.uninitialized.UndefReturn]
    return p;
    ^
/home/user/Documents/jqr-calcprojects/3_DataStructures1/src/queue_p.c:54:5: note: 'p' declared without an initial value
    queue_p_node_t *p;
    ^
/home/user/Documents/jqr-calcprojects/3_DataStructures1/src/queue_p.c:55:5: note: Undefined or garbage value returned to caller
    return p;
    ^
/home/user/Documents/jqr-calcprojects/3_DataStructures1/src/queue_p.c:64:5: warning: Undefined or garbage value returned to caller [clang-analyzer-core.uninitialized.UndefReturn]
    return p;
    ^
/home/user/Documents/jqr-calcprojects/3_DataStructures1/src/queue_p.c:63:5: note: 'p' declared without an initial value
    queue_p_node_t *p;
    ^
/home/user/Documents/jqr-calcprojects/3_DataStructures1/src/queue_p.c:64:5: note: Undefined or garbage value returned to caller
    return p;
    ^
6 warnings generated.
Suppressed 6 warnings (6 with check filters).
End clang-tidy Check
Clang-Tidy found 23 warnings.
cat: ../clanglog.txt: No such file or directory
/home/user/Documents/jqr-calcprojects
-- Configuring done
-- Generating done
-- Build files have been written to: /home/user/Documents/jqr-calcprojects/3_DataStructures1/build
[ 10%] Built target queue_p
[ 20%] Built target test_queue_p
[ 30%] Built target queue
[ 40%] Built target stack
[ 50%] Built target test_stack
[ 60%] Built target hash_table
[ 70%] Built target test_table
[ 80%] Built target linked_list
[ 90%] Built target test_list
[100%] Built target test_queue
Traceback (most recent call last):
  File "./Tests/DataStructures1Tests.py", line 66, in <module>
    main()
  File "./Tests/DataStructures1Tests.py", line 53, in main
    res1 = test_binary(f"./{test}")
  File "./Tests/DataStructures1Tests.py", line 16, in test_binary
    str_out = output.decode("ascii")
UnicodeDecodeError: 'ascii' codec can't decode byte 0x87 in position 190: ordinal not in range(128)
Removing Build Artifacts
<end of output>
Test time =   1.00 sec
----------------------------------------------------------
Test Failed.
"TestDataStructures1" end time: Apr 24 10:36 EDT
"TestDataStructures1" time elapsed: 00:00:00
----------------------------------------------------------

4/5 Testing: TestThreadCalc
4/5 Test: TestThreadCalc
Command: "/usr/bin/bash" "/home/user/Documents/jqr-calcprojects/local_tester.sh" "4_ThreadCalc"
Directory: /home/user/Documents/jqr-calcprojects
"TestThreadCalc" start time: Apr 24 10:36 EDT
Output:
----------------------------------------------------------
Start clang-tidy Check
No output here is good
Ignore "database" errors for now
1 error generated.
Error while processing /home/user/Documents/jqr-calcprojects/4_ThreadCalc/include/threadpool.h.
/home/user/Documents/jqr-calcprojects/4_ThreadCalc/include/threadpool.h:11:10: error: 'queue.h' file not found [clang-diagnostic-error]
#include "queue.h"
         ^
Found compiler error(s).
1 error generated.
Error while processing /home/user/Documents/jqr-calcprojects/4_ThreadCalc/tests_src/thread_tests.c.
4_ThreadCalc/include/threadpool.h:11:10: error: 'queue.h' file not found [clang-diagnostic-error]
#include "queue.h"
         ^
Found compiler error(s).
1 error generated.
Error while processing /home/user/Documents/jqr-calcprojects/4_ThreadCalc/tests_src/thread_tests_main.c.
/home/user/Documents/jqr-calcprojects/4_ThreadCalc/tests_src/thread_tests_main.c:4:10: error: 'signal_tests.h' file not found [clang-diagnostic-error]
#include "signal_tests.h"
         ^
Found compiler error(s).
1 error generated.
Error while processing /home/user/Documents/jqr-calcprojects/4_ThreadCalc/tests_src/signal_tests.c.
/home/user/Documents/jqr-calcprojects/4_ThreadCalc/tests_src/signal_tests.c:15:10: error: 'signal_tests.h' file not found [clang-diagnostic-error]
#include "signal_tests.h"
         ^
Found compiler error(s).
End clang-tidy Check
/home/user/Documents/jqr-calcprojects
sh: 1: ./Tests/../4_ThreadCalc/bin/threadcalc: not found
Generating 16 files with 64 equations
Test Results: Passed 0 out of 16 tests.
Removing Build Artifacts
<end of output>
Test time =   0.26 sec
----------------------------------------------------------
Test Failed.
"TestThreadCalc" end time: Apr 24 10:36 EDT
"TestThreadCalc" time elapsed: 00:00:00
----------------------------------------------------------

5/5 Testing: TestNetCalc
5/5 Test: TestNetCalc
Command: "/usr/bin/bash" "/home/user/Documents/jqr-calcprojects/local_tester.sh" "5_NetCalc"
Directory: /home/user/Documents/jqr-calcprojects
"TestNetCalc" start time: Apr 24 10:36 EDT
Output:
----------------------------------------------------------
Start clang-tidy Check
No output here is good
Ignore "database" errors for now
End clang-tidy Check
/home/user/Documents/jqr-calcprojects
sh: 1: ./build.sh: not found
sh: 1: ./build/netcalc: not found
Generating 16 files with 64 equations
Starting server in background
Failed to connect to server; Aborting further tests
Removing Build Artifacts
<end of output>
Test time =   1.03 sec
----------------------------------------------------------
Test Failed.
"TestNetCalc" end time: Apr 24 10:36 EDT
"TestNetCalc" time elapsed: 00:00:01
----------------------------------------------------------

End testing: Apr 24 10:36 EDT
