Start testing: Apr 14 15:24 EDT
----------------------------------------------------------
1/5 Testing: TestSimpleCalc
1/5 Test: TestSimpleCalc
Command: "/usr/bin/bash" "/home/user/Documents/jqr-calcprojects/local_tester.sh" "1_SimpleCalc"
Directory: /home/user/Documents/jqr-calcprojects
"TestSimpleCalc" start time: Apr 14 15:24 EDT
Output:
----------------------------------------------------------
Start clang-tidy Check
No output here is good
Ignore "database" errors for now
1 error generated.
Error while processing /home/user/Documents/jqr-calcprojects/1_SimpleCalc/src/simplecalc.c.
/home/user/Documents/jqr-calcprojects/1_SimpleCalc/src/simplecalc.c:7:10: error: 'math_utils.h' file not found [clang-diagnostic-error]
#include "math_utils.h"
         ^
Found compiler error(s).
1 error generated.
Error while processing /home/user/Documents/jqr-calcprojects/1_SimpleCalc/src/math_utils.c.
/home/user/Documents/jqr-calcprojects/1_SimpleCalc/src/math_utils.c:6:10: error: 'math_utils.h' file not found [clang-diagnostic-error]
#include "math_utils.h"
         ^
Found compiler error(s).
End clang-tidy Check
/home/user/Documents/jqr-calcprojects

Passed 31 out of 31 
Removing Build Artifacts
<end of output>
Test time =   0.19 sec
----------------------------------------------------------
Test Passed.
"TestSimpleCalc" end time: Apr 14 15:24 EDT
"TestSimpleCalc" time elapsed: 00:00:00
----------------------------------------------------------

2/5 Testing: TestFileCalc
2/5 Test: TestFileCalc
Command: "/usr/bin/bash" "/home/user/Documents/jqr-calcprojects/local_tester.sh" "2_FileCalc"
Directory: /home/user/Documents/jqr-calcprojects
"TestFileCalc" start time: Apr 14 15:24 EDT
Output:
----------------------------------------------------------
Start clang-tidy Check
No output here is good
Ignore "database" errors for now
End clang-tidy Check
/home/user/Documents/jqr-calcprojects
sh: 1: ./build/2_FileCalc/filecalc: not found
Generating 16 files with 64 equations
Test Results: Passed 0 out of 16 tests.
Removing Build Artifacts
<end of output>
Test time =   0.03 sec
----------------------------------------------------------
Test Passed.
"TestFileCalc" end time: Apr 14 15:24 EDT
"TestFileCalc" time elapsed: 00:00:00
----------------------------------------------------------

3/5 Testing: TestDataStructures1
3/5 Test: TestDataStructures1
Command: "/usr/bin/bash" "/home/user/Documents/jqr-calcprojects/local_tester.sh" "3_DataStructures1"
Directory: /home/user/Documents/jqr-calcprojects
"TestDataStructures1" start time: Apr 14 15:24 EDT
Output:
----------------------------------------------------------
Start clang-tidy Check
No output here is good
Ignore "database" errors for now
Suppressed 2 warnings (2 NOLINT).
Suppressed 2 warnings (2 NOLINT).
Suppressed 8 warnings (8 NOLINT).
Suppressed 1 warnings (1 NOLINT).
Suppressed 2 warnings (2 NOLINT).
End clang-tidy Check
/home/user/Documents/jqr-calcprojects
sh: 1: ./build.sh: not found
Traceback (most recent call last):
  File "./Tests/DataStructures1Tests.py", line 66, in <module>
    main()
  File "./Tests/DataStructures1Tests.py", line 53, in main
    res1 = test_binary(f"./{test}")
  File "./Tests/DataStructures1Tests.py", line 14, in test_binary
    p = Popen([binary], stdin=PIPE, stdout=PIPE, stderr=PIPE, cwd=bin_loc)
  File "/usr/lib/python3.8/subprocess.py", line 858, in __init__
    self._execute_child(args, executable, preexec_fn, close_fds,
  File "/usr/lib/python3.8/subprocess.py", line 1704, in _execute_child
    raise child_exception_type(errno_num, err_msg, err_filename)
FileNotFoundError: [Errno 2] No such file or directory: '3_DataStructures1/build/'
Removing Build Artifacts
<end of output>
Test time =   0.56 sec
----------------------------------------------------------
Test Failed.
"TestDataStructures1" end time: Apr 14 15:24 EDT
"TestDataStructures1" time elapsed: 00:00:00
----------------------------------------------------------

4/5 Testing: TestThreadCalc
4/5 Test: TestThreadCalc
Command: "/usr/bin/bash" "/home/user/Documents/jqr-calcprojects/local_tester.sh" "4_ThreadCalc"
Directory: /home/user/Documents/jqr-calcprojects
"TestThreadCalc" start time: Apr 14 15:24 EDT
Output:
----------------------------------------------------------
Start clang-tidy Check
No output here is good
Ignore "database" errors for now
1 error generated.
Error while processing /home/user/Documents/jqr-calcprojects/4_ThreadCalc/include/threadpool.h.
/home/user/Documents/jqr-calcprojects/4_ThreadCalc/include/threadpool.h:11:10: error: 'queue.h' file not found [clang-diagnostic-error]
#include "queue.h"
         ^
Found compiler error(s).
1 error generated.
Error while processing /home/user/Documents/jqr-calcprojects/4_ThreadCalc/tests_src/thread_tests.c.
4_ThreadCalc/include/threadpool.h:11:10: error: 'queue.h' file not found [clang-diagnostic-error]
#include "queue.h"
         ^
Found compiler error(s).
1 error generated.
Error while processing /home/user/Documents/jqr-calcprojects/4_ThreadCalc/tests_src/thread_tests_main.c.
/home/user/Documents/jqr-calcprojects/4_ThreadCalc/tests_src/thread_tests_main.c:4:10: error: 'signal_tests.h' file not found [clang-diagnostic-error]
#include "signal_tests.h"
         ^
Found compiler error(s).
1 error generated.
Error while processing /home/user/Documents/jqr-calcprojects/4_ThreadCalc/tests_src/signal_tests.c.
/home/user/Documents/jqr-calcprojects/4_ThreadCalc/tests_src/signal_tests.c:15:10: error: 'signal_tests.h' file not found [clang-diagnostic-error]
#include "signal_tests.h"
         ^
Found compiler error(s).
End clang-tidy Check
/home/user/Documents/jqr-calcprojects
sh: 1: ./Tests/../4_ThreadCalc/bin/threadcalc: not found
Generating 16 files with 64 equations
Test Results: Passed 0 out of 16 tests.
Removing Build Artifacts
<end of output>
Test time =   0.24 sec
----------------------------------------------------------
Test Failed.
"TestThreadCalc" end time: Apr 14 15:24 EDT
"TestThreadCalc" time elapsed: 00:00:00
----------------------------------------------------------

5/5 Testing: TestNetCalc
5/5 Test: TestNetCalc
Command: "/usr/bin/bash" "/home/user/Documents/jqr-calcprojects/local_tester.sh" "5_NetCalc"
Directory: /home/user/Documents/jqr-calcprojects
"TestNetCalc" start time: Apr 14 15:24 EDT
Output:
----------------------------------------------------------
Start clang-tidy Check
No output here is good
Ignore "database" errors for now
End clang-tidy Check
/home/user/Documents/jqr-calcprojects
sh: 1: ./build.sh: not found
sh: 1: ./build/netcalc: not found
Generating 16 files with 64 equations
Starting server in background
Failed to connect to server; Aborting further tests
Removing Build Artifacts
<end of output>
Test time =   1.05 sec
----------------------------------------------------------
Test Failed.
"TestNetCalc" end time: Apr 14 15:24 EDT
"TestNetCalc" time elapsed: 00:00:01
----------------------------------------------------------

End testing: Apr 14 15:24 EDT
